<?xml version="1.0" encoding="UTF-8"?>
<!-- Generated by org.testng.reporters.JUnitReportReporter -->
<testsuite hostname="A-FH18352" name="org.familysearch.search.ui.tests.BasicTest" tests="2" failures="0" timestamp="13 Sep 2013 21:59:13 GMT" time="10.020" errors="0">
  <testcase name="testA" time="5.010" classname="org.familysearch.search.ui.tests.BasicTest"/>
  <testcase name="testAB" time="5.010" classname="org.familysearch.search.ui.tests.BasicTest"/>
</testsuite> <!-- org.familysearch.search.ui.tests.BasicTest -->
